C:\Program Files (x86)\Microsoft Visual Studio\2019\Community\MSBuild\Microsoft\VC\v160\Microsoft.CppBuild.targets(513,5): warning MSB8028: The intermediate directory (.\obj\Release x64\) contains files shared from another project (UniversalHookX.vcxproj).  This can lead to incorrect clean and rebuild behavior.
src\blacked\ngre.cpp(32,25): warning : implicit conversion between pointer-to-function and pointer-to-object is a Microsoft extension [-Wmicrosoft-cast]
src\blacked\ngre.cpp(33,25): warning : implicit conversion between pointer-to-function and pointer-to-object is a Microsoft extension [-Wmicrosoft-cast]
src\blacked\ngre.cpp(35,25): warning : implicit conversion between pointer-to-function and pointer-to-object is a Microsoft extension [-Wmicrosoft-cast]
src\blacked\ngre.cpp(36,25): warning : implicit conversion between pointer-to-function and pointer-to-object is a Microsoft extension [-Wmicrosoft-cast]
src\blacked\ngre.cpp(37,25): warning : implicit conversion between pointer-to-function and pointer-to-object is a Microsoft extension [-Wmicrosoft-cast]
src\blacked\ngre.cpp(38,24): warning : implicit conversion between pointer-to-function and pointer-to-object is a Microsoft extension [-Wmicrosoft-cast]
src\blacked\ngre.cpp(39,25): warning : implicit conversion between pointer-to-function and pointer-to-object is a Microsoft extension [-Wmicrosoft-cast]
src\blacked\ngre.cpp(40,25): warning : implicit conversion between pointer-to-function and pointer-to-object is a Microsoft extension [-Wmicrosoft-cast]
src\blacked\ngre.cpp(41,25): warning : implicit conversion between pointer-to-function and pointer-to-object is a Microsoft extension [-Wmicrosoft-cast]
src\blacked\ngre.cpp(42,25): warning : implicit conversion between pointer-to-function and pointer-to-object is a Microsoft extension [-Wmicrosoft-cast]
src\blacked\ngre.cpp(43,25): warning : implicit conversion between pointer-to-function and pointer-to-object is a Microsoft extension [-Wmicrosoft-cast]
src\hooks\backend\dx12\hook_directx12.cpp(233,101): warning : implicit conversion between pointer-to-function and pointer-to-object is a Microsoft extension [-Wmicrosoft-cast]
src\hooks\backend\dx12\hook_directx12.cpp(234,114): warning : implicit conversion between pointer-to-function and pointer-to-object is a Microsoft extension [-Wmicrosoft-cast]
src\hooks\backend\dx12\hook_directx12.cpp(235,118): warning : implicit conversion between pointer-to-function and pointer-to-object is a Microsoft extension [-Wmicrosoft-cast]
src\hooks\backend\dx12\hook_directx12.cpp(236,114): warning : implicit conversion between pointer-to-function and pointer-to-object is a Microsoft extension [-Wmicrosoft-cast]
src\hooks\backend\dx12\hook_directx12.cpp(238,97): warning : implicit conversion between pointer-to-function and pointer-to-object is a Microsoft extension [-Wmicrosoft-cast]
src\hooks\backend\dx12\hook_directx12.cpp(239,99): warning : implicit conversion between pointer-to-function and pointer-to-object is a Microsoft extension [-Wmicrosoft-cast]
src\hooks\backend\dx12\hook_directx12.cpp(241,102): warning : implicit conversion between pointer-to-function and pointer-to-object is a Microsoft extension [-Wmicrosoft-cast]
src\hooks\backend\dx12\hook_directx12.cpp(242,104): warning : implicit conversion between pointer-to-function and pointer-to-object is a Microsoft extension [-Wmicrosoft-cast]
src\hooks\backend\dx12\hook_directx12.cpp(244,105): warning : implicit conversion between pointer-to-function and pointer-to-object is a Microsoft extension [-Wmicrosoft-cast]
src\hooks\backend\dx12\hook_directx12.cpp(242,30): warning : unused variable 'resize1Status' [-Wunused-variable]
src\hooks\backend\dx12\hook_directx12.cpp(244,30): warning : unused variable 'eclStatus' [-Wunused-variable]
src\hooks\backend\dx12\hook_directx12.cpp(239,30): warning : unused variable 'present1Status' [-Wunused-variable]
src\hooks\backend\dx12\hook_directx12.cpp(241,30): warning : unused variable 'resizeStatus' [-Wunused-variable]
src\hooks\backend\dx12\hook_directx12.cpp(234,30): warning : unused variable 'cschStatus' [-Wunused-variable]
src\hooks\backend\dx12\hook_directx12.cpp(235,30): warning : unused variable 'csccwStatus' [-Wunused-variable]
src\hooks\backend\dx12\hook_directx12.cpp(236,30): warning : unused variable 'csccStatus' [-Wunused-variable]
src\hooks\backend\dx12\hook_directx12.cpp(238,30): warning : unused variable 'presentStatus' [-Wunused-variable]
src\hooks\backend\dx12\hook_directx12.cpp(233,30): warning : unused variable 'cscStatus' [-Wunused-variable]
src\hooks\backend\dx11\hook_directx11.cpp(213,101): warning : implicit conversion between pointer-to-function and pointer-to-object is a Microsoft extension [-Wmicrosoft-cast]
src\hooks\backend\dx11\hook_directx11.cpp(214,114): warning : implicit conversion between pointer-to-function and pointer-to-object is a Microsoft extension [-Wmicrosoft-cast]
src\hooks\backend\dx11\hook_directx11.cpp(215,118): warning : implicit conversion between pointer-to-function and pointer-to-object is a Microsoft extension [-Wmicrosoft-cast]
src\hooks\backend\dx11\hook_directx11.cpp(216,114): warning : implicit conversion between pointer-to-function and pointer-to-object is a Microsoft extension [-Wmicrosoft-cast]
src\hooks\backend\dx11\hook_directx11.cpp(218,97): warning : implicit conversion between pointer-to-function and pointer-to-object is a Microsoft extension [-Wmicrosoft-cast]
src\hooks\backend\dx11\hook_directx11.cpp(219,99): warning : implicit conversion between pointer-to-function and pointer-to-object is a Microsoft extension [-Wmicrosoft-cast]
src\hooks\backend\dx11\hook_directx11.cpp(221,102): warning : implicit conversion between pointer-to-function and pointer-to-object is a Microsoft extension [-Wmicrosoft-cast]
src\hooks\backend\dx11\hook_directx11.cpp(222,104): warning : implicit conversion between pointer-to-function and pointer-to-object is a Microsoft extension [-Wmicrosoft-cast]
src\hooks\backend\dx11\hook_directx11.cpp(215,30): warning : unused variable 'csccwStatus' [-Wunused-variable]
src\hooks\backend\dx11\hook_directx11.cpp(216,30): warning : unused variable 'csccStatus' [-Wunused-variable]
src\hooks\backend\dx11\hook_directx11.cpp(219,30): warning : unused variable 'present1Status' [-Wunused-variable]
src\hooks\backend\dx11\hook_directx11.cpp(221,30): warning : unused variable 'resizeStatus' [-Wunused-variable]
src\hooks\backend\dx11\hook_directx11.cpp(214,30): warning : unused variable 'cschStatus' [-Wunused-variable]
src\hooks\backend\dx11\hook_directx11.cpp(222,30): warning : unused variable 'resize1Status' [-Wunused-variable]
src\hooks\backend\dx11\hook_directx11.cpp(218,30): warning : unused variable 'presentStatus' [-Wunused-variable]
src\hooks\backend\dx11\hook_directx11.cpp(213,30): warning : unused variable 'cscStatus' [-Wunused-variable]
src\hooks\backend\dx10\hook_directx10.cpp(208,101): warning : implicit conversion between pointer-to-function and pointer-to-object is a Microsoft extension [-Wmicrosoft-cast]
src\hooks\backend\dx10\hook_directx10.cpp(209,114): warning : implicit conversion between pointer-to-function and pointer-to-object is a Microsoft extension [-Wmicrosoft-cast]
src\hooks\backend\dx10\hook_directx10.cpp(210,118): warning : implicit conversion between pointer-to-function and pointer-to-object is a Microsoft extension [-Wmicrosoft-cast]
src\hooks\backend\dx10\hook_directx10.cpp(211,114): warning : implicit conversion between pointer-to-function and pointer-to-object is a Microsoft extension [-Wmicrosoft-cast]
src\hooks\backend\dx10\hook_directx10.cpp(213,97): warning : implicit conversion between pointer-to-function and pointer-to-object is a Microsoft extension [-Wmicrosoft-cast]
src\hooks\backend\dx10\hook_directx10.cpp(214,99): warning : implicit conversion between pointer-to-function and pointer-to-object is a Microsoft extension [-Wmicrosoft-cast]
src\hooks\backend\dx10\hook_directx10.cpp(216,102): warning : implicit conversion between pointer-to-function and pointer-to-object is a Microsoft extension [-Wmicrosoft-cast]
src\hooks\backend\dx10\hook_directx10.cpp(217,104): warning : implicit conversion between pointer-to-function and pointer-to-object is a Microsoft extension [-Wmicrosoft-cast]
src\hooks\backend\dx10\hook_directx10.cpp(214,30): warning : unused variable 'present1Status' [-Wunused-variable]
src\hooks\backend\dx10\hook_directx10.cpp(208,30): warning : unused variable 'cscStatus' [-Wunused-variable]
src\hooks\backend\dx10\hook_directx10.cpp(217,30): warning : unused variable 'resize1Status' [-Wunused-variable]
src\hooks\backend\dx10\hook_directx10.cpp(213,30): warning : unused variable 'presentStatus' [-Wunused-variable]
src\hooks\backend\dx10\hook_directx10.cpp(216,30): warning : unused variable 'resizeStatus' [-Wunused-variable]
src\hooks\backend\dx10\hook_directx10.cpp(210,30): warning : unused variable 'csccwStatus' [-Wunused-variable]
src\hooks\backend\dx10\hook_directx10.cpp(211,30): warning : unused variable 'csccStatus' [-Wunused-variable]
src\hooks\backend\dx10\hook_directx10.cpp(209,30): warning : unused variable 'cschStatus' [-Wunused-variable]
src\hooks\backend\dx9\hook_directx9.cpp(112,93): warning : implicit conversion between pointer-to-function and pointer-to-object is a Microsoft extension [-Wmicrosoft-cast]
src\hooks\backend\dx9\hook_directx9.cpp(113,97): warning : implicit conversion between pointer-to-function and pointer-to-object is a Microsoft extension [-Wmicrosoft-cast]
src\hooks\backend\dx9\hook_directx9.cpp(115,97): warning : implicit conversion between pointer-to-function and pointer-to-object is a Microsoft extension [-Wmicrosoft-cast]
src\hooks\backend\dx9\hook_directx9.cpp(116,101): warning : implicit conversion between pointer-to-function and pointer-to-object is a Microsoft extension [-Wmicrosoft-cast]
src\hooks\backend\dx9\hook_directx9.cpp(112,30): warning : unused variable 'resetStatus' [-Wunused-variable]
src\hooks\backend\dx9\hook_directx9.cpp(115,30): warning : unused variable 'presentStatus' [-Wunused-variable]
src\hooks\backend\dx9\hook_directx9.cpp(116,30): warning : unused variable 'presentExStatus' [-Wunused-variable]
src\hooks\backend\dx9\hook_directx9.cpp(113,30): warning : unused variable 'resetExStatus' [-Wunused-variable]
src\hooks\backend\opengl\hook_opengl.cpp(51,104): warning : implicit conversion between pointer-to-function and pointer-to-object is a Microsoft extension [-Wmicrosoft-cast]
src\hooks\backend\opengl\hook_opengl.cpp(51,34): warning : unused variable 'wsbStatus' [-Wunused-variable]
src\utils\utils.cpp(48,11): warning : enumeration value 'NONE' not handled in switch [-Wswitch]
src\utils\SimpleIni.cpp(57,13): warning : 'swscanf' is deprecated: This function or variable may be unsafe. Consider using swscanf_s instead. To disable deprecation, use _CRT_SECURE_NO_WARNINGS. See online help for details. [-Wdeprecated-declarations]
  C:\Program Files (x86)\Windows Kits\10\Include\10.0.26100.0\ucrt\corecrt_wstdio.h(2017,20): note: 'swscanf' has been explicitly marked deprecated here
  C:\Program Files (x86)\Microsoft Visual Studio\2019\Community\VC\Tools\MSVC\14.29.30133\include\vcruntime.h(320,55): note: expanded from macro '_CRT_INSECURE_DEPRECATE'
  C:\Program Files (x86)\Microsoft Visual Studio\2019\Community\VC\Tools\MSVC\14.29.30133\include\vcruntime.h(310,47): note: expanded from macro '_CRT_DEPRECATE_TEXT'
src\menu\menu.cpp(117,92): warning : format specifies type 'unsigned int' but the argument has type 'uintptr_t' (aka 'unsigned long long') [-Wformat]
src\menu\menu.cpp(118,102): warning : format specifies type 'unsigned int' but the argument has type 'uintptr_t' (aka 'unsigned long long') [-Wformat]
src\menu\menu.cpp(119,102): warning : format specifies type 'unsigned int' but the argument has type 'uintptr_t' (aka 'unsigned long long') [-Wformat]
src\menu\menu.cpp(191,92): warning : format specifies type 'unsigned int' but the argument has type 'uintptr_t' (aka 'unsigned long long') [-Wformat]
src\hooks\hooks.cpp(92,17): warning : enumeration value 'NONE' not handled in switch [-Wswitch]
src\hooks\hooks.cpp(131,17): warning : enumeration value 'NONE' not handled in switch [-Wswitch]
  NGREBLACK.vcxproj -> C:\Users\g-gil\source\repos\NGREBLACK\NGREBLACK\bin\NGREBLACK Release x64.dll
