c:\users\g-gil\source\repos\ngreblack\ngreblack\bin\ngreblack release x64.pdb
c:\users\g-gil\source\repos\ngreblack\ngreblack\bin\ngreblack release x64.dll
c:\users\g-gil\source\repos\ngreblack\ngreblack\obj\release x64\simpleini.obj
c:\users\g-gil\source\repos\ngreblack\ngreblack\obj\release x64\utils.obj
c:\users\g-gil\source\repos\ngreblack\ngreblack\obj\release x64\hook_directx9.obj
c:\users\g-gil\source\repos\ngreblack\ngreblack\obj\release x64\imgui.obj
c:\users\g-gil\source\repos\ngreblack\ngreblack\obj\release x64\imgui_impl_dx12.obj
c:\users\g-gil\source\repos\ngreblack\ngreblack\obj\release x64\hook_vulkan.obj
c:\users\g-gil\source\repos\ngreblack\ngreblack\obj\release x64\imgui_demo.obj
c:\users\g-gil\source\repos\ngreblack\ngreblack\obj\release x64\hde32.obj
c:\users\g-gil\source\repos\ngreblack\ngreblack\obj\release x64\hook_directx11.obj
c:\users\g-gil\source\repos\ngreblack\ngreblack\obj\release x64\ngre.obj
c:\users\g-gil\source\repos\ngreblack\ngreblack\obj\release x64\imgui_widgets.obj
c:\users\g-gil\source\repos\ngreblack\ngreblack\obj\release x64\imgui_impl_dx9.obj
c:\users\g-gil\source\repos\ngreblack\ngreblack\obj\release x64\hook_directx10.obj
c:\users\g-gil\source\repos\ngreblack\ngreblack\obj\release x64\hook_directx12.obj
c:\users\g-gil\source\repos\ngreblack\ngreblack\obj\release x64\hde64.obj
c:\users\g-gil\source\repos\ngreblack\ngreblack\obj\release x64\hooks.obj
c:\users\g-gil\source\repos\ngreblack\ngreblack\obj\release x64\hook.obj
c:\users\g-gil\source\repos\ngreblack\ngreblack\obj\release x64\imgui_draw.obj
c:\users\g-gil\source\repos\ngreblack\ngreblack\obj\release x64\imgui_impl_dx10.obj
c:\users\g-gil\source\repos\ngreblack\ngreblack\obj\release x64\imgui_impl_opengl3.obj
c:\users\g-gil\source\repos\ngreblack\ngreblack\obj\release x64\imgui_impl_win32.obj
c:\users\g-gil\source\repos\ngreblack\ngreblack\obj\release x64\buffer.obj
c:\users\g-gil\source\repos\ngreblack\ngreblack\obj\release x64\ngrehooks.obj
c:\users\g-gil\source\repos\ngreblack\ngreblack\obj\release x64\imgui_impl_dx11.obj
c:\users\g-gil\source\repos\ngreblack\ngreblack\obj\release x64\trampoline.obj
c:\users\g-gil\source\repos\ngreblack\ngreblack\obj\release x64\console.obj
c:\users\g-gil\source\repos\ngreblack\ngreblack\obj\release x64\hook_opengl.obj
c:\users\g-gil\source\repos\ngreblack\ngreblack\obj\release x64\imgui_tables.obj
c:\users\g-gil\source\repos\ngreblack\ngreblack\obj\release x64\menu.obj
c:\users\g-gil\source\repos\ngreblack\ngreblack\obj\release x64\globals.obj
c:\users\g-gil\source\repos\ngreblack\ngreblack\obj\release x64\dllmain.obj
c:\users\g-gil\source\repos\ngreblack\ngreblack\bin\ngreblack release x64.lib
c:\users\g-gil\source\repos\ngreblack\ngreblack\obj\release x64\ngreblack.tlog\clang-cl.command.1.tlog
c:\users\g-gil\source\repos\ngreblack\ngreblack\obj\release x64\ngreblack.tlog\lld-link.command.1.tlog
c:\users\g-gil\source\repos\ngreblack\ngreblack\obj\release x64\ngreblack.tlog\lld-link.delete.1.tlog
c:\users\g-gil\source\repos\ngreblack\ngreblack\obj\release x64\ngreblack.tlog\lld-link.read.1.tlog
c:\users\g-gil\source\repos\ngreblack\ngreblack\obj\release x64\ngreblack.tlog\lld-link.write.1.tlog
c:\users\g-gil\source\repos\ngreblack\ngreblack\obj\release x64\ngreblack.tlog\microsoft.build.cpptasks.cl.read.1.tlog
c:\users\g-gil\source\repos\ngreblack\ngreblack\obj\release x64\ngreblack.tlog\microsoft.build.cpptasks.cl.write.1.tlog
c:\users\g-gil\source\repos\ngreblack\ngreblack\obj\release x64\ngreblack.tlog\ngreblack.write.1u.tlog
