  console.cpp
  imgui.cpp
  imgui_demo.cpp
  imgui_draw.cpp
  imgui_impl_dx10.cpp
  imgui_impl_dx11.cpp
  imgui_impl_dx9.cpp
  imgui_impl_opengl3.cpp
  imgui_impl_win32.cpp
  imgui_tables.cpp
  imgui_widgets.cpp
  dllmain.cpp
  hook_directx11.cpp
  hook_directx12.cpp
  hook_directx9.cpp
  hook_directx10.cpp
  hook_opengl.cpp
  hook_vulkan.cpp
  hooks.cpp
  menu.cpp
  utils.cpp
  imgui_impl_dx12.cpp
  buffer.c
  hde32.c
  hde64.c
  hook.c
  trampoline.c
  UniversalHookX.vcxproj -> C:\Users\g-gil\source\repos\UniversalHookX\UniversalHookX\bin\UniversalHookX Debug x64.dll
